[0m[[0m[0mdebug[0m] [0m[0m> Exec(assembly, None, None)[0m
[0m[[0m[33mwarn[0m] [0m[0mbuild source files have changed[0m
[0m[[0m[33mwarn[0m] [0m[0mmodified files: [0m
[0m[[0m[33mwarn[0m] [0m[0m  /Users/hajiler/school/cs441/CourseProject/build.sbt[0m
[0m[[0m[33mwarn[0m] [0m[0mApply these changes by running `reload`.[0m
[0m[[0m[33mwarn[0m] [0m[0mAutomatically reload the build when source changes are detected by setting `Global / onChangedBuildSource := ReloadOnSourceChanges`.[0m
[0m[[0m[33mwarn[0m] [0m[0mDisable this warning by setting `Global / onChangedBuildSource := IgnoreSourceChanges`.[0m
[0m[[0m[0mdebug[0m] [0m[0mEvaluating tasks: assembly[0m
[0m[[0m[0mdebug[0m] [0m[0mRunning task... Cancel: Signal, check cycles: false, forcegc: true[0m
[0m[[0m[0minfo[0m] [0m[0mcompiling 12 Scala sources to /Users/hajiler/school/cs441/CourseProject/target/scala-2.13/classes ...[0m
[0m[[0m[33mwarn[0m] [0m[0m/Users/hajiler/school/cs441/CourseProject/src/main/scala/Kafka/KafkaStreams.scala:14:34: imported `KafkaStreams` is permanently hidden by definition of object KafkaStreams in package Kafka[0m
[0m[[0m[33mwarn[0m] [0m[0mimport org.apache.kafka.streams.{KafkaStreams, StreamsConfig, Topology}[0m
[0m[[0m[33mwarn[0m] [0m[0m                                 ^[0m
[0m[[0m[33mwarn[0m] [0m[0m1 deprecation (since 2.13.0)[0m
[0m[[0m[33mwarn[0m] [0m[0m2 deprecations (since 2.13.3)[0m
[0m[[0m[33mwarn[0m] [0m[0m3 deprecations in total; re-run with -deprecation for details[0m
[0m[[0m[33mwarn[0m] [0m[0mfour warnings found[0m
[0m[[0m[0minfo[0m] [0m[0mdone compiling[0m
[0m[[0m[33mwarn[0m] [0m[0mmultiple main classes detected: run 'show discoveredMainClasses' to see the list[0m
[0m[[0m[0minfo[0m] [0m[0mStrategy 'concat' was applied to a file (Run the task at debug level to see details)[0m
[0m[[0m[0minfo[0m] [0m[0mStrategy 'discard' was applied to 56 files (Run the task at debug level to see details)[0m
[0m[[0m[0minfo[0m] [0m[0mStrategy 'first' was applied to 4 files (Run the task at debug level to see details)[0m
[0m[[0m[0mdebug[0m] [0m[0mForcing garbage collection...[0m
[0m[[0m[32msuccess[0m] [0m[0mTotal time: 35 s, completed Dec 3, 2021 9:59:28 PM[0m
[0m[[0m[0mdebug[0m] [0m[0m> Exec(idea-shell, None, None)[0m
