[0m[[0m[0mdebug[0m] [0m[0m> Exec(compile, None, None)[0m
[0m[[0m[33mwarn[0m] [0m[0mbuild source files have changed[0m
[0m[[0m[33mwarn[0m] [0m[0mmodified files: [0m
[0m[[0m[33mwarn[0m] [0m[0m  /Users/hajiler/school/cs441/CourseProject/build.sbt[0m
[0m[[0m[33mwarn[0m] [0m[0mApply these changes by running `reload`.[0m
[0m[[0m[33mwarn[0m] [0m[0mAutomatically reload the build when source changes are detected by setting `Global / onChangedBuildSource := ReloadOnSourceChanges`.[0m
[0m[[0m[33mwarn[0m] [0m[0mDisable this warning by setting `Global / onChangedBuildSource := IgnoreSourceChanges`.[0m
[0m[[0m[0mdebug[0m] [0m[0mEvaluating tasks: Compile / compile[0m
[0m[[0m[0mdebug[0m] [0m[0mRunning task... Cancel: Signal, check cycles: false, forcegc: true[0m
[0m[[0m[0minfo[0m] [0m[0mcompiling 3 Scala sources to /Users/hajiler/school/cs441/CourseProject/target/scala-3.1.0/classes ...[0m
[0m[[0m[31merror[0m] [0m[0merror while loading package$,[0m
[0m[[0m[31merror[0m] [0m[0mclass file akka/actor/package.class is broken, reading aborted with class dotty.tools.tasty.UnpickleException[0m
[0m[[0m[31merror[0m] [0m[0mTASTy signature has wrong version.[0m
[0m[[0m[31merror[0m] [0m[0m expected: {majorVersion: 28, minorVersion: 1}[0m
[0m[[0m[31merror[0m] [0m[0m found   : {majorVersion: 28, minorVersion: 2 [unstable release: 1]}[0m
[0m[[0m[31merror[0m] [0m[0m[0m
[0m[[0m[31merror[0m] [0m[0mThis TASTy file was produced by an unstable release.[0m
[0m[[0m[31merror[0m] [0m[0mTo read this TASTy file, your tooling must be at the same version.[0m
[0m[[0m[31merror[0m] [0m[0mThe TASTy file was produced by Scala 3.1.1-RC1-bin-20211007-c041327-NIGHTLY-git-c041327.[0m
[0m[[0m[31merror[0m] [0m[0merror while loading Behavior,[0m
[0m[[0m[31merror[0m] [0m[0mclass file akka/actor/typed/Behavior.class is broken, reading aborted with class dotty.tools.tasty.UnpickleException[0m
[0m[[0m[31merror[0m] [0m[0mTASTy signature has wrong version.[0m
[0m[[0m[31merror[0m] [0m[0m expected: {majorVersion: 28, minorVersion: 1}[0m
[0m[[0m[31merror[0m] [0m[0m found   : {majorVersion: 28, minorVersion: 2 [unstable release: 1]}[0m
[0m[[0m[31merror[0m] [0m[0m[0m
[0m[[0m[31merror[0m] [0m[0mThis TASTy file was produced by an unstable release.[0m
[0m[[0m[31merror[0m] [0m[0mTo read this TASTy file, your tooling must be at the same version.[0m
[0m[[0m[31merror[0m] [0m[0mThe TASTy file was produced by Scala 3.1.1-RC1-bin-20211007-c041327-NIGHTLY-git-c041327.[0m
[0m[[0m[31merror[0m] [0m[0m[31m-- [E006] Not Found Error: /Users/hajiler/school/cs441/CourseProject/src/main/scala/Akka/Stuff.scala:10:15 [0m[0m
[0m[[0m[31merror[0m] [0m[0m[31m10 |[0m  [33mdef[0m [36mapply[0m(): [35mBehavior[String][0m =[0m
[0m[[0m[31merror[0m] [0m[0m   |               [31m^^^^^^^^[0m[0m
[0m[[0m[31merror[0m] [0m[0m   |               Not found: type Behavior[0m
[0m[[0m[31merror[0m] [0m[0merror while loading package$,[0m
[0m[[0m[31merror[0m] [0m[0mclass file akka/actor/typed/scaladsl/package.class is broken, reading aborted with class dotty.tools.tasty.UnpickleException[0m
[0m[[0m[31merror[0m] [0m[0mTASTy signature has wrong version.[0m
[0m[[0m[31merror[0m] [0m[0m expected: {majorVersion: 28, minorVersion: 1}[0m
[0m[[0m[31merror[0m] [0m[0m found   : {majorVersion: 28, minorVersion: 2 [unstable release: 1]}[0m
[0m[[0m[31merror[0m] [0m[0m[0m
[0m[[0m[31merror[0m] [0m[0mThis TASTy file was produced by an unstable release.[0m
[0m[[0m[31merror[0m] [0m[0mTo read this TASTy file, your tooling must be at the same version.[0m
[0m[[0m[31merror[0m] [0m[0mThe TASTy file was produced by Scala 3.1.1-RC1-bin-20211007-c041327-NIGHTLY-git-c041327.[0m
[0m[[0m[31merror[0m] [0m[0merror while loading Behaviors$,[0m
[0m[[0m[31merror[0m] [0m[0mclass file akka/actor/typed/scaladsl/Behaviors.class is broken, reading aborted with class dotty.tools.tasty.UnpickleException[0m
[0m[[0m[31merror[0m] [0m[0mTASTy signature has wrong version.[0m
[0m[[0m[31merror[0m] [0m[0m expected: {majorVersion: 28, minorVersion: 1}[0m
[0m[[0m[31merror[0m] [0m[0m found   : {majorVersion: 28, minorVersion: 2 [unstable release: 1]}[0m
[0m[[0m[31merror[0m] [0m[0m[0m
[0m[[0m[31merror[0m] [0m[0mThis TASTy file was produced by an unstable release.[0m
[0m[[0m[31merror[0m] [0m[0mTo read this TASTy file, your tooling must be at the same version.[0m
[0m[[0m[31merror[0m] [0m[0mThe TASTy file was produced by Scala 3.1.1-RC1-bin-20211007-c041327-NIGHTLY-git-c041327.[0m
[0m[[0m[31merror[0m] [0m[0m[31m-- [E008] Not Found Error: /Users/hajiler/school/cs441/CourseProject/src/main/scala/Akka/Stuff.scala:11:14 [0m[0m
[0m[[0m[31merror[0m] [0m[0m[31m11 |[0m    Behaviors.setup([36mcontext[0m => [33mnew[0m [35mPrintMyActorRefActor[0m(context))[0m
[0m[[0m[31merror[0m] [0m[0m   |    [31m^^^^^^^^^^^^^^^[0m[0m
[0m[[0m[31merror[0m] [0m[0m   |value setup is not a member of object akka.actor.typed.scaladsl.Behaviors[0m
[0m[[0m[31merror[0m] [0m[0m[31m-- [E006] Not Found Error: /Users/hajiler/school/cs441/CourseProject/src/main/scala/Akka/Stuff.scala:14:36 [0m[0m
[0m[[0m[31merror[0m] [0m[0m[31m14 |[0m[33mclass[0m [35mPrintMyActorRefActor[0m([36mcontext[0m: [35mActorContext[String][0m) [33mextends[0m [35mAbstractBehavior[String][0m(context) {[0m
[0m[[0m[31merror[0m] [0m[0m   |                                    [31m^^^^^^^^^^^^[0m[0m
[0m[[0m[31merror[0m] [0m[0m   |                                    Not found: type ActorContext[0m
[0m[[0m[31merror[0m] [0m[0m[31m-- [E006] Not Found Error: /Users/hajiler/school/cs441/CourseProject/src/main/scala/Akka/Stuff.scala:14:66 [0m[0m
[0m[[0m[31merror[0m] [0m[0m[31m14 |[0m[33mclass[0m [35mPrintMyActorRefActor[0m([36mcontext[0m: [35mActorContext[String][0m) [33mextends[0m [35mAbstractBehavior[String][0m(context) {[0m
[0m[[0m[31merror[0m] [0m[0m   |                                                                  [31m^^^^^^^^^^^^^^^^[0m[0m
[0m[[0m[31merror[0m] [0m[0m   |                                        Not found: type AbstractBehavior[0m
[0m[[0m[31merror[0m] [0m[0m[31m-- [E006] Not Found Error: /Users/hajiler/school/cs441/CourseProject/src/main/scala/Akka/Stuff.scala:16:39 [0m[0m
[0m[[0m[31merror[0m] [0m[0m[31m16 |[0m  [33moverride[0m [33mdef[0m onMessage(msg: String): Behavior[String] =[0m
[0m[[0m[31merror[0m] [0m[0m   |                                       [31m^^^^^^^^[0m[0m
[0m[[0m[31merror[0m] [0m[0m   |                                       Not found: type Behavior[0m
[0m[[0m[31merror[0m] [0m[0m[31m-- [E006] Not Found Error: /Users/hajiler/school/cs441/CourseProject/src/main/scala/Akka/Stuff.scala:26:15 [0m[0m
[0m[[0m[31merror[0m] [0m[0m[31m26 |[0m  [33mdef[0m [36mapply[0m(): [35mBehavior[String][0m =[0m
[0m[[0m[31merror[0m] [0m[0m   |               [31m^^^^^^^^[0m[0m
[0m[[0m[31merror[0m] [0m[0m   |               Not found: type Behavior[0m
[0m[[0m[31merror[0m] [0m[0m[31m-- [E008] Not Found Error: /Users/hajiler/school/cs441/CourseProject/src/main/scala/Akka/Stuff.scala:27:14 [0m[0m
[0m[[0m[31merror[0m] [0m[0m[31m27 |[0m    Behaviors.setup([36mcontext[0m => [33mnew[0m [35mMain[0m(context))[0m
[0m[[0m[31merror[0m] [0m[0m   |    [31m^^^^^^^^^^^^^^^[0m[0m
[0m[[0m[31merror[0m] [0m[0m   |value setup is not a member of object akka.actor.typed.scaladsl.Behaviors[0m
[0m[[0m[31merror[0m] [0m[0m[31m-- [E006] Not Found Error: /Users/hajiler/school/cs441/CourseProject/src/main/scala/Akka/Stuff.scala:31:20 [0m[0m
[0m[[0m[31merror[0m] [0m[0m[31m31 |[0m[33mclass[0m [35mMain[0m([36mcontext[0m: [35mActorContext[String][0m) [33mextends[0m [35mAbstractBehavior[String][0m(context) {[0m
[0m[[0m[31merror[0m] [0m[0m   |                    [31m^^^^^^^^^^^^[0m[0m
[0m[[0m[31merror[0m] [0m[0m   |                    Not found: type ActorContext[0m
[0m[[0m[31merror[0m] [0m[0m[31m-- [E006] Not Found Error: /Users/hajiler/school/cs441/CourseProject/src/main/scala/Akka/Stuff.scala:31:50 [0m[0m
[0m[[0m[31merror[0m] [0m[0m[31m31 |[0m[33mclass[0m [35mMain[0m([36mcontext[0m: [35mActorContext[String][0m) [33mextends[0m [35mAbstractBehavior[String][0m(context) {[0m
[0m[[0m[31merror[0m] [0m[0m   |                                                  [31m^^^^^^^^^^^^^^^^[0m[0m
[0m[[0m[31merror[0m] [0m[0m   |                                        Not found: type AbstractBehavior[0m
[0m[[0m[31merror[0m] [0m[0m[31m-- [E006] Not Found Error: /Users/hajiler/school/cs441/CourseProject/src/main/scala/Akka/Stuff.scala:32:39 [0m[0m
[0m[[0m[31merror[0m] [0m[0m[31m32 |[0m  [33moverride[0m [33mdef[0m onMessage(msg: String): Behavior[String] =[0m
[0m[[0m[31merror[0m] [0m[0m   |                                       [31m^^^^^^^^[0m[0m
[0m[[0m[31merror[0m] [0m[0m   |                                       Not found: type Behavior[0m
[0m[[0m[31merror[0m] [0m[0m[31m-- [E050] Type Error: /Users/hajiler/school/cs441/CourseProject/src/main/scala/Akka/Stuff.scala:43:19 [0m[0m
[0m[[0m[31merror[0m] [0m[0m[31m43 |[0m  [33mval[0m [36mtestSystem[0m = ActorSystem(Main(), [31m"testSystem"[0m)[0m
[0m[[0m[31merror[0m] [0m[0m   |                   [31m^^^^^^^^^^^[0m[0m
[0m[[0m[31merror[0m] [0m[0m   | [33mobject[0m [35mActorSystem[0m in [33mpackage[0m [35makka.actor.typed[0m does not take parameters[0m
[0m[[0m[31merror[0m] [0m[0m15 errors found[0m
[0m[[0m[31merror[0m] [0m[0m15 errors found[0m
[0m[[0m[0mdebug[0m] [0m[0mForcing garbage collection...[0m
[0m[[0m[31merror[0m] [0m[0m(Compile / [31mcompileIncremental[0m) Compilation failed[0m
[0m[[0m[31merror[0m] [0m[0mTotal time: 5 s, completed Nov 28, 2021 5:28:01 PM[0m
[0m[[0m[0mdebug[0m] [0m[0m> Exec(idea-shell, None, None)[0m
